<?xml version="1.0" encoding="UTF-8"?>
<testng-results ignored="0" total="2" passed="2" failed="0" skipped="0">
  <reporter-output>
  </reporter-output>
  <suite started-at="2025-05-16T15:54:10 IST" name="Suite" finished-at="2025-05-16T15:54:43 IST" duration-ms="33332">
    <groups>
    </groups>
    <test started-at="2025-05-16T15:54:10 IST" name="Test" finished-at="2025-05-16T15:54:43 IST" duration-ms="33332">
      <class name="com.execu.GroupPageTC">
        <test-method is-config="true" signature="launchApplication()[pri:0, instance:com.execu.GroupPageTC@4082ba93]" started-at="2025-05-16T15:54:10 IST" name="launchApplication" finished-at="2025-05-16T15:54:14 IST" duration-ms="4357" status="PASS">
          <reporter-output>
          </reporter-output>
        </test-method> <!-- launchApplication -->
        <test-method signature="createGroupWithCancelandAlertNo()[pri:0, instance:com.execu.GroupPageTC@4082ba93]" started-at="2025-05-16T15:54:14 IST" name="createGroupWithCancelandAlertNo" finished-at="2025-05-16T15:54:33 IST" duration-ms="18562" status="PASS">
          <reporter-output>
          </reporter-output>
        </test-method> <!-- createGroupWithCancelandAlertNo -->
        <test-method signature="createGroupWithCancelandAlertYes()[pri:0, instance:com.execu.GroupPageTC@4082ba93]" started-at="2025-05-16T15:54:33 IST" name="createGroupWithCancelandAlertYes" finished-at="2025-05-16T15:54:43 IST" duration-ms="10389" status="PASS">
          <reporter-output>
          </reporter-output>
        </test-method> <!-- createGroupWithCancelandAlertYes -->
      </class> <!-- com.execu.GroupPageTC -->
    </test> <!-- Test -->
  </suite> <!-- Suite -->
</testng-results>
